#***************************************************
#             Compilation Log File                 #
#                                                  #
#  File Name         :  cxl_simprim.log            #
#  Library Compiled  :  simprim                    #
#  Generated By      :  compxlib                   #
#  Created On        :  Sat Jun 25 01:34:03 2016   #
#                                                  #
#***************************************************


Model Technology ModelSim PE vmap 10.4a Lib Mapping Utility 2015.03 Apr  7 2015
vmap SIMPRIMS_VER C:\thresholding\ise\simprims_ver 
Modifying modelsim.ini

Model Technology ModelSim PE Student Edition vlog 10.4a Compiler 2015.03 Apr  7 2015
Start time: 01:33:57 on Jun 25,2016
vlog -source -93 -work C:\thresholding\ise\simprims_ver C:\thresholding\ise\simprims_ver\simprims_ver_source.v 
-- Compiling module X_AFIFO36_INTERNAL
-- Compiling module X_AND16
-- Compiling module X_AND2
-- Compiling module X_AND3
-- Compiling module X_AND32
-- Compiling module X_AND4
-- Compiling module X_AND5
-- Compiling module X_AND6
-- Compiling module X_AND7
-- Compiling module X_AND8
-- Compiling module X_AND9
-- Compiling module X_ARAMB36_INTERNAL
-- Compiling module X_BPAD
-- Compiling module X_BSCAN_FPGACORE
-- Compiling module X_BSCAN_SPARTAN2
-- Compiling module X_BSCAN_SPARTAN3
-- Compiling module X_BSCAN_VIRTEX
-- Compiling module X_BSCAN_VIRTEX2
-- Compiling module X_BSCAN_VIRTEX4
-- Compiling module X_BSCAN_VIRTEX5
-- Compiling module X_BUF
-- Compiling module X_BUFGCTRL
-- Compiling module X_BUFGMUX
-- Compiling module X_BUFGMUX_1
-- Compiling module X_BUFR
-- Compiling module X_CARRY4
-- Compiling module X_CKBUF
-- Compiling module X_CLKDLL
-- Compiling module x_clkdll_maximum_period_check
-- Compiling module X_CLKDLLE
-- Compiling module x_clkdlle_maximum_period_check
-- Compiling module X_CLK_DIV
-- Compiling module X_CRC32
-- Compiling module X_CRC64
-- Compiling module X_DCM
-- Compiling module x_dcm_clock_divide_by_2
-- Compiling module x_dcm_maximum_period_check
-- Compiling module x_dcm_clock_lost
-- Compiling module X_DCM_ADV
-- Compiling module x_dcm_adv_clock_divide_by_2
-- Compiling module x_dcm_adv_maximum_period_check
-- Compiling module x_dcm_adv_clock_lost
-- Compiling module X_DCM_SP
-- Compiling module x_dcm_sp_clock_divide_by_2
-- Compiling module x_dcm_sp_maximum_period_check
-- Compiling module x_dcm_sp_clock_lost
-- Compiling module X_DSP48
-- Compiling module X_DSP48E
-- Compiling module X_FDD
-- Compiling UDP ffsrced
-- Compiling module X_FDDRCPE
-- Compiling module X_FDDRRSE
-- Compiling module X_FF
-- Compiling UDP ffsrce
-- Compiling module X_FIFO16
-- Compiling module X_FIFO18
-- Compiling module X_FIFO18_36
-- Compiling module X_FIFO36_72_EXP
-- Compiling module X_FIFO36_EXP
-- Compiling module X_IBUFDS
-- Compiling module X_IDDR
-- Compiling module X_IDDR2
-- Compiling module X_IDELAY
-- Compiling module X_IDELAYCTRL
-- Compiling module X_INV
-- Compiling module X_IODELAY
-- Compiling module X_IPAD
-- Compiling module X_ISERDES
-- Compiling module X_ISERDES_NODELAY
-- Compiling module X_KEEPER
-- Compiling module X_LATCH
-- Compiling UDP latchsr
-- Compiling module X_LATCHE
-- Compiling UDP latchsre
-- Compiling module X_LUT2
-- Compiling UDP x_lut2_mux4
-- Compiling module X_LUT3
-- Compiling UDP x_lut3_mux4
-- Compiling module X_LUT4
-- Compiling module X_LUT5
-- Compiling module X_LUT6
-- Compiling module X_LUT7
-- Compiling UDP x_lut7_mux4
-- Compiling module X_LUT8
-- Compiling UDP x_lut8_mux4
-- Compiling module X_MULT18X18
-- Compiling module X_MULT18X18S
-- Compiling module X_MULT18X18SIO
-- Compiling module X_MUX2
-- Compiling UDP mux
-- Compiling module X_MUXDDR
-- Compiling module X_OBUF
-- Compiling module X_OBUFDS
-- Compiling module X_OBUFT
-- Compiling module X_OBUFTDS
-- Compiling module X_ODDR
-- Compiling module X_ODDR2
-- Compiling module X_ONE
-- Compiling module X_OPAD
-- Compiling module X_OR16
-- Compiling module X_OR2
-- Compiling module X_OR3
-- Compiling module X_OR32
-- Compiling module X_OR4
-- Compiling module X_OR5
-- Compiling module X_OR6
-- Compiling module X_OR7
-- Compiling module X_OR8
-- Compiling module X_OR9
-- Compiling module X_OSERDES
-- Compiling module X_PD
-- Compiling module X_PLL_ADV
-- Compiling module X_PMCD
-- Compiling module X_PU
-- Compiling module X_RAM32M
-- Compiling module X_RAM64M
-- Compiling module X_RAMB16
-- Compiling module X_RAMB16_S1
-- Compiling module X_RAMB16_S18
-- Compiling module X_RAMB16_S18_S18
-- Compiling module X_RAMB16_S18_S36
-- Compiling module X_RAMB16_S1_S1
-- Compiling module X_RAMB16_S1_S18
-- Compiling module X_RAMB16_S1_S2
-- Compiling module X_RAMB16_S1_S36
-- Compiling module X_RAMB16_S1_S4
-- Compiling module X_RAMB16_S1_S9
-- Compiling module X_RAMB16_S2
-- Compiling module X_RAMB16_S2_S18
-- Compiling module X_RAMB16_S2_S2
-- Compiling module X_RAMB16_S2_S36
-- Compiling module X_RAMB16_S2_S4
-- Compiling module X_RAMB16_S2_S9
-- Compiling module X_RAMB16_S36
-- Compiling module X_RAMB16_S36_S36
-- Compiling module X_RAMB16_S4
-- Compiling module X_RAMB16_S4_S18
-- Compiling module X_RAMB16_S4_S36
-- Compiling module X_RAMB16_S4_S4
-- Compiling module X_RAMB16_S4_S9
-- Compiling module X_RAMB16_S9
-- Compiling module X_RAMB16_S9_S18
-- Compiling module X_RAMB16_S9_S36
-- Compiling module X_RAMB16_S9_S9
-- Compiling module X_RAMB18
-- Compiling module X_RAMB18SDP
-- Compiling module X_RAMB36SDP_EXP
-- Compiling module X_RAMB36_EXP
-- Compiling module X_RAMB4_S1
-- Compiling module X_RAMB4_S16
-- Compiling module X_RAMB4_S16_S16
-- Compiling module X_RAMB4_S1_S1
-- Compiling module X_RAMB4_S1_S16
-- Compiling module X_RAMB4_S1_S2
-- Compiling module X_RAMB4_S1_S4
-- Compiling module X_RAMB4_S1_S8
-- Compiling module X_RAMB4_S2
-- Compiling module X_RAMB4_S2_S16
-- Compiling module X_RAMB4_S2_S2
-- Compiling module X_RAMB4_S2_S4
-- Compiling module X_RAMB4_S2_S8
-- Compiling module X_RAMB4_S4
-- Compiling module X_RAMB4_S4_S16
-- Compiling module X_RAMB4_S4_S4
-- Compiling module X_RAMB4_S4_S8
-- Compiling module X_RAMB4_S8
-- Compiling module X_RAMB4_S8_S16
-- Compiling module X_RAMB4_S8_S8
-- Compiling module X_RAMD128
-- Compiling module X_RAMD16
-- Compiling module X_RAMD32
-- Compiling module X_RAMD64
-- Compiling module X_RAMD64_ADV
-- Compiling module X_RAMS128
-- Compiling module X_RAMS16
-- Compiling module X_RAMS256
-- Compiling module X_RAMS32
-- Compiling module X_RAMS64
-- Compiling module X_RAMS64_ADV
-- Compiling module X_SFF
-- Compiling UDP sffsrce
-- Compiling module X_SRL16E
-- Compiling module X_SRLC16E
-- Compiling module X_SRLC32E
-- Compiling module X_SUH
-- Compiling module X_SYSMON
-- Compiling module X_TRI
-- Compiling module X_UPAD
-- Compiling module X_XOR16
-- Compiling module X_XOR2
-- Compiling module X_XOR3
-- Compiling module X_XOR32
-- Compiling module X_XOR4
-- Compiling module X_XOR5
-- Compiling module X_XOR6
-- Compiling module X_XOR7
-- Compiling module X_XOR8
-- Compiling module X_ZERO

Top level modules:
	X_AND16
	X_AND2
	X_AND3
	X_AND32
	X_AND4
	X_AND5
	X_AND6
	X_AND7
	X_AND8
	X_AND9
	X_BPAD
	X_BSCAN_FPGACORE
	X_BSCAN_SPARTAN2
	X_BSCAN_SPARTAN3
	X_BSCAN_VIRTEX
	X_BSCAN_VIRTEX2
	X_BSCAN_VIRTEX4
	X_BSCAN_VIRTEX5
	X_BUF
	X_BUFGCTRL
	X_BUFGMUX
	X_BUFGMUX_1
	X_BUFR
	X_CARRY4
	X_CKBUF
	X_CLKDLL
	X_CLKDLLE
	X_CLK_DIV
	X_CRC32
	X_CRC64
	X_DCM
	X_DCM_ADV
	X_DCM_SP
	X_DSP48
	X_DSP48E
	X_FDD
	X_FDDRCPE
	X_FDDRRSE
	X_FF
	X_FIFO16
	X_FIFO18
	X_FIFO18_36
	X_FIFO36_72_EXP
	X_FIFO36_EXP
	X_IBUFDS
	X_IDDR
	X_IDDR2
	X_IDELAY
	X_IDELAYCTRL
	X_INV
	X_IODELAY
	X_IPAD
	X_ISERDES
	X_ISERDES_NODELAY
	X_KEEPER
	X_LATCH
	X_LATCHE
	X_LUT2
	X_LUT3
	X_LUT4
	X_LUT5
	X_LUT6
	X_LUT7
	X_LUT8
	X_MULT18X18
	X_MULT18X18S
	X_MULT18X18SIO
	X_MUX2
	X_MUXDDR
	X_OBUF
	X_OBUFDS
	X_OBUFT
	X_OBUFTDS
	X_ODDR
	X_ODDR2
	X_ONE
	X_OPAD
	X_OR16
	X_OR2
	X_OR3
	X_OR32
	X_OR4
	X_OR5
	X_OR6
	X_OR7
	X_OR8
	X_OR9
	X_OSERDES
	X_PD
	X_PLL_ADV
	X_PMCD
	X_PU
	X_RAM32M
	X_RAM64M
	X_RAMB16
	X_RAMB16_S1
	X_RAMB16_S18
	X_RAMB16_S18_S18
	X_RAMB16_S18_S36
	X_RAMB16_S1_S1
	X_RAMB16_S1_S18
	X_RAMB16_S1_S2
	X_RAMB16_S1_S36
	X_RAMB16_S1_S4
	X_RAMB16_S1_S9
	X_RAMB16_S2
	X_RAMB16_S2_S18
	X_RAMB16_S2_S2
	X_RAMB16_S2_S36
	X_RAMB16_S2_S4
	X_RAMB16_S2_S9
	X_RAMB16_S36
	X_RAMB16_S36_S36
	X_RAMB16_S4
	X_RAMB16_S4_S18
	X_RAMB16_S4_S36
	X_RAMB16_S4_S4
	X_RAMB16_S4_S9
	X_RAMB16_S9
	X_RAMB16_S9_S18
	X_RAMB16_S9_S36
	X_RAMB16_S9_S9
	X_RAMB18
	X_RAMB18SDP
	X_RAMB36SDP_EXP
	X_RAMB36_EXP
	X_RAMB4_S1
	X_RAMB4_S16
	X_RAMB4_S16_S16
	X_RAMB4_S1_S1
	X_RAMB4_S1_S16
	X_RAMB4_S1_S2
	X_RAMB4_S1_S4
	X_RAMB4_S1_S8
	X_RAMB4_S2
	X_RAMB4_S2_S16
	X_RAMB4_S2_S2
	X_RAMB4_S2_S4
	X_RAMB4_S2_S8
	X_RAMB4_S4
	X_RAMB4_S4_S16
	X_RAMB4_S4_S4
	X_RAMB4_S4_S8
	X_RAMB4_S8
	X_RAMB4_S8_S16
	X_RAMB4_S8_S8
	X_RAMD128
	X_RAMD16
	X_RAMD32
	X_RAMD64
	X_RAMD64_ADV
	X_RAMS128
	X_RAMS16
	X_RAMS256
	X_RAMS32
	X_RAMS64
	X_RAMS64_ADV
	X_SFF
	X_SRL16E
	X_SRLC16E
	X_SRLC32E
	X_SUH
	X_SYSMON
	X_TRI
	X_UPAD
	X_XOR16
	X_XOR2
	X_XOR3
	X_XOR32
	X_XOR4
	X_XOR5
	X_XOR6
	X_XOR7
	X_XOR8
	X_ZERO
End time: 01:34:03 on Jun 25,2016, Elapsed time: 0:00:06
Errors: 0, Warnings: 0

